[2018-09-19 20:16:32] local.ERROR: SQLSTATE[HY000]: General error: 1364 Field 'lastName' doesn't have a default value (SQL: insert into `users` (`name`, `email`, `password`, `updated_at`, `created_at`) values (francotagliero, ftagliero@gmail.com, $2y$10$HT2Q4Gy0qdSZ11aYwMdmdekhiHWFTZbnvsmEgJit8SrUfzD9ZBpeO, 2018-09-19 20:16:32, 2018-09-19 20:16:32)) {"exception":"[object] (Illuminate\\Database\\QueryException(code: HY000): SQLSTATE[HY000]: General error: 1364 Field 'lastName' doesn't have a default value (SQL: insert into `users` (`name`, `email`, `password`, `updated_at`, `created_at`) values (francotagliero, ftagliero@gmail.com, $2y$10$HT2Q4Gy0qdSZ11aYwMdmdekhiHWFTZbnvsmEgJit8SrUfzD9ZBpeO, 2018-09-19 20:16:32, 2018-09-19 20:16:32)) at /home/fran/Documentos/Taller de Producción de Software/Aterrizar/aterrizar/vendor/laravel/framework/src/Illuminate/Database/Connection.php:664, PDOException(code: HY000): SQLSTATE[HY000]: General error: 1364 Field 'lastName' doesn't have a default value at /home/fran/Documentos/Taller de Producción de Software/Aterrizar/aterrizar/vendor/laravel/framework/src/Illuminate/Database/Connection.php:458)
[stacktrace]
#0 /home/fran/Documentos/Taller de Producción de Software/Aterrizar/aterrizar/vendor/laravel/framework/src/Illuminate/Database/Connection.php(624): Illuminate\\Database\\Connection->runQueryCallback('insert into `us...', Array, Object(Closure))
#1 /home/fran/Documentos/Taller de Producción de Software/Aterrizar/aterrizar/vendor/laravel/framework/src/Illuminate/Database/Connection.php(459): Illuminate\\Database\\Connection->run('insert into `us...', Array, Object(Closure))
#2 /home/fran/Documentos/Taller de Producción de Software/Aterrizar/aterrizar/vendor/laravel/framework/src/Illuminate/Database/Connection.php(411): Illuminate\\Database\\Connection->statement('insert into `us...', Array)
#3 /home/fran/Documentos/Taller de Producción de Software/Aterrizar/aterrizar/vendor/laravel/framework/src/Illuminate/Database/Query/Processors/Processor.php(32): Illuminate\\Database\\Connection->insert('insert into `us...', Array)
#4 /home/fran/Documentos/Taller de Producción de Software/Aterrizar/aterrizar/vendor/laravel/framework/src/Illuminate/Database/Query/Builder.php(2558): Illuminate\\Database\\Query\\Processors\\Processor->processInsertGetId(Object(Illuminate\\Database\\Query\\Builder), 'insert into `us...', Array, 'id')
#5 /home/fran/Documentos/Taller de Producción de Software/Aterrizar/aterrizar/vendor/laravel/framework/src/Illuminate/Database/Eloquent/Builder.php(1318): Illuminate\\Database\\Query\\Builder->insertGetId(Array, 'id')
#6 /home/fran/Documentos/Taller de Producción de Software/Aterrizar/aterrizar/vendor/laravel/framework/src/Illuminate/Database/Eloquent/Model.php(820): Illuminate\\Database\\Eloquent\\Builder->__call('insertGetId', Array)
#7 /home/fran/Documentos/Taller de Producción de Software/Aterrizar/aterrizar/vendor/laravel/framework/src/Illuminate/Database/Eloquent/Model.php(785): Illuminate\\Database\\Eloquent\\Model->insertAndSetId(Object(Illuminate\\Database\\Eloquent\\Builder), Array)
#8 /home/fran/Documentos/Taller de Producción de Software/Aterrizar/aterrizar/vendor/laravel/framework/src/Illuminate/Database/Eloquent/Model.php(648): Illuminate\\Database\\Eloquent\\Model->performInsert(Object(Illuminate\\Database\\Eloquent\\Builder))
#9 /home/fran/Documentos/Taller de Producción de Software/Aterrizar/aterrizar/vendor/laravel/framework/src/Illuminate/Database/Eloquent/Builder.php(790): Illuminate\\Database\\Eloquent\\Model->save()
#10 /home/fran/Documentos/Taller de Producción de Software/Aterrizar/aterrizar/vendor/laravel/framework/src/Illuminate/Support/helpers.php(1023): Illuminate\\Database\\Eloquent\\Builder->Illuminate\\Database\\Eloquent\\{closure}(Object(App\\User))
#11 /home/fran/Documentos/Taller de Producción de Software/Aterrizar/aterrizar/vendor/laravel/framework/src/Illuminate/Database/Eloquent/Builder.php(791): tap(Object(App\\User), Object(Closure))
#12 /home/fran/Documentos/Taller de Producción de Software/Aterrizar/aterrizar/vendor/laravel/framework/src/Illuminate/Support/Traits/ForwardsCalls.php(23): Illuminate\\Database\\Eloquent\\Builder->create(Array)
#13 /home/fran/Documentos/Taller de Producción de Software/Aterrizar/aterrizar/vendor/laravel/framework/src/Illuminate/Database/Eloquent/Model.php(1603): Illuminate\\Database\\Eloquent\\Model->forwardCallTo(Object(Illuminate\\Database\\Eloquent\\Builder), 'create', Array)
#14 /home/fran/Documentos/Taller de Producción de Software/Aterrizar/aterrizar/vendor/laravel/framework/src/Illuminate/Database/Eloquent/Model.php(1615): Illuminate\\Database\\Eloquent\\Model->__call('create', Array)
#15 /home/fran/Documentos/Taller de Producción de Software/Aterrizar/aterrizar/app/Http/Controllers/Auth/RegisterController.php(69): Illuminate\\Database\\Eloquent\\Model::__callStatic('create', Array)
#16 /home/fran/Documentos/Taller de Producción de Software/Aterrizar/aterrizar/vendor/laravel/framework/src/Illuminate/Foundation/Auth/RegistersUsers.php(33): App\\Http\\Controllers\\Auth\\RegisterController->create(Array)
#17 [internal function]: App\\Http\\Controllers\\Auth\\RegisterController->register(Object(Illuminate\\Http\\Request))
#18 /home/fran/Documentos/Taller de Producción de Software/Aterrizar/aterrizar/vendor/laravel/framework/src/Illuminate/Routing/Controller.php(54): call_user_func_array(Array, Array)
#19 /home/fran/Documentos/Taller de Producción de Software/Aterrizar/aterrizar/vendor/laravel/framework/src/Illuminate/Routing/ControllerDispatcher.php(45): Illuminate\\Routing\\Controller->callAction('register', Array)
#20 /home/fran/Documentos/Taller de Producción de Software/Aterrizar/aterrizar/vendor/laravel/framework/src/Illuminate/Routing/Route.php(212): Illuminate\\Routing\\ControllerDispatcher->dispatch(Object(Illuminate\\Routing\\Route), Object(App\\Http\\Controllers\\Auth\\RegisterController), 'register')
#21 /home/fran/Documentos/Taller de Producción de Software/Aterrizar/aterrizar/vendor/laravel/framework/src/Illuminate/Routing/Route.php(169): Illuminate\\Routing\\Route->runController()
#22 /home/fran/Documentos/Taller de Producción de Software/Aterrizar/aterrizar/vendor/laravel/framework/src/Illuminate/Routing/Router.php(679): Illuminate\\Routing\\Route->run()
#23 /home/fran/Documentos/Taller de Producción de Software/Aterrizar/aterrizar/vendor/laravel/framework/src/Illuminate/Routing/Pipeline.php(30): Illuminate\\Routing\\Router->Illuminate\\Routing\\{closure}(Object(Illuminate\\Http\\Request))
#24 /home/fran/Documentos/Taller de Producción de Software/Aterrizar/aterrizar/app/Http/Middleware/RedirectIfAuthenticated.php(24): Illuminate\\Routing\\Pipeline->Illuminate\\Routing\\{closure}(Object(Illuminate\\Http\\Request))
#25 /home/fran/Documentos/Taller de Producción de Software/Aterrizar/aterrizar/vendor/laravel/framework/src/Illuminate/Pipeline/Pipeline.php(151): App\\Http\\Middleware\\RedirectIfAuthenticated->handle(Object(Illuminate\\Http\\Request), Object(Closure))
#26 /home/fran/Documentos/Taller de Producción de Software/Aterrizar/aterrizar/vendor/laravel/framework/src/Illuminate/Routing/Pipeline.php(53): Illuminate\\Pipeline\\Pipeline->Illuminate\\Pipeline\\{closure}(Object(Illuminate\\Http\\Request))
#27 /home/fran/Documentos/Taller de Producción de Software/Aterrizar/aterrizar/vendor/laravel/framework/src/Illuminate/Routing/Middleware/SubstituteBindings.php(41): Illuminate\\Routing\\Pipeline->Illuminate\\Routing\\{closure}(Object(Illuminate\\Http\\Request))
#28 /home/fran/Documentos/Taller de Producción de Software/Aterrizar/aterrizar/vendor/laravel/framework/src/Illuminate/Pipeline/Pipeline.php(151): Illuminate\\Routing\\Middleware\\SubstituteBindings->handle(Object(Illuminate\\Http\\Request), Object(Closure))
#29 /home/fran/Documentos/Taller de Producción de Software/Aterrizar/aterrizar/vendor/laravel/framework/src/Illuminate/Routing/Pipeline.php(53): Illuminate\\Pipeline\\Pipeline->Illuminate\\Pipeline\\{closure}(Object(Illuminate\\Http\\Request))
#30 /home/fran/Documentos/Taller de Producción de Software/Aterrizar/aterrizar/vendor/laravel/framework/src/Illuminate/Foundation/Http/Middleware/VerifyCsrfToken.php(75): Illuminate\\Routing\\Pipeline->Illuminate\\Routing\\{closure}(Object(Illuminate\\Http\\Request))
#31 /home/fran/Documentos/Taller de Producción de Software/Aterrizar/aterrizar/vendor/laravel/framework/src/Illuminate/Pipeline/Pipeline.php(151): Illuminate\\Foundation\\Http\\Middleware\\VerifyCsrfToken->handle(Object(Illuminate\\Http\\Request), Object(Closure))
#32 /home/fran/Documentos/Taller de Producción de Software/Aterrizar/aterrizar/vendor/laravel/framework/src/Illuminate/Routing/Pipeline.php(53): Illuminate\\Pipeline\\Pipeline->Illuminate\\Pipeline\\{closure}(Object(Illuminate\\Http\\Request))
#33 /home/fran/Documentos/Taller de Producción de Software/Aterrizar/aterrizar/vendor/laravel/framework/src/Illuminate/View/Middleware/ShareErrorsFromSession.php(49): Illuminate\\Routing\\Pipeline->Illuminate\\Routing\\{closure}(Object(Illuminate\\Http\\Request))
#34 /home/fran/Documentos/Taller de Producción de Software/Aterrizar/aterrizar/vendor/laravel/framework/src/Illuminate/Pipeline/Pipeline.php(151): Illuminate\\View\\Middleware\\ShareErrorsFromSession->handle(Object(Illuminate\\Http\\Request), Object(Closure))
#35 /home/fran/Documentos/Taller de Producción de Software/Aterrizar/aterrizar/vendor/laravel/framework/src/Illuminate/Routing/Pipeline.php(53): Illuminate\\Pipeline\\Pipeline->Illuminate\\Pipeline\\{closure}(Object(Illuminate\\Http\\Request))
#36 /home/fran/Documentos/Taller de Producción de Software/Aterrizar/aterrizar/vendor/laravel/framework/src/Illuminate/Session/Middleware/StartSession.php(63): Illuminate\\Routing\\Pipeline->Illuminate\\Routing\\{closure}(Object(Illuminate\\Http\\Request))
#37 /home/fran/Documentos/Taller de Producción de Software/Aterrizar/aterrizar/vendor/laravel/framework/src/Illuminate/Pipeline/Pipeline.php(151): Illuminate\\Session\\Middleware\\StartSession->handle(Object(Illuminate\\Http\\Request), Object(Closure))
#38 /home/fran/Documentos/Taller de Producción de Software/Aterrizar/aterrizar/vendor/laravel/framework/src/Illuminate/Routing/Pipeline.php(53): Illuminate\\Pipeline\\Pipeline->Illuminate\\Pipeline\\{closure}(Object(Illuminate\\Http\\Request))
#39 /home/fran/Documentos/Taller de Producción de Software/Aterrizar/aterrizar/vendor/laravel/framework/src/Illuminate/Cookie/Middleware/AddQueuedCookiesToResponse.php(37): Illuminate\\Routing\\Pipeline->Illuminate\\Routing\\{closure}(Object(Illuminate\\Http\\Request))
#40 /home/fran/Documentos/Taller de Producción de Software/Aterrizar/aterrizar/vendor/laravel/framework/src/Illuminate/Pipeline/Pipeline.php(151): Illuminate\\Cookie\\Middleware\\AddQueuedCookiesToResponse->handle(Object(Illuminate\\Http\\Request), Object(Closure))
#41 /home/fran/Documentos/Taller de Producción de Software/Aterrizar/aterrizar/vendor/laravel/framework/src/Illuminate/Routing/Pipeline.php(53): Illuminate\\Pipeline\\Pipeline->Illuminate\\Pipeline\\{closure}(Object(Illuminate\\Http\\Request))
#42 /home/fran/Documentos/Taller de Producción de Software/Aterrizar/aterrizar/vendor/laravel/framework/src/Illuminate/Cookie/Middleware/EncryptCookies.php(66): Illuminate\\Routing\\Pipeline->Illuminate\\Routing\\{closure}(Object(Illuminate\\Http\\Request))
#43 /home/fran/Documentos/Taller de Producción de Software/Aterrizar/aterrizar/vendor/laravel/framework/src/Illuminate/Pipeline/Pipeline.php(151): Illuminate\\Cookie\\Middleware\\EncryptCookies->handle(Object(Illuminate\\Http\\Request), Object(Closure))
#44 /home/fran/Documentos/Taller de Producción de Software/Aterrizar/aterrizar/vendor/laravel/framework/src/Illuminate/Routing/Pipeline.php(53): Illuminate\\Pipeline\\Pipeline->Illuminate\\Pipeline\\{closure}(Object(Illuminate\\Http\\Request))
#45 /home/fran/Documentos/Taller de Producción de Software/Aterrizar/aterrizar/vendor/laravel/framework/src/Illuminate/Pipeline/Pipeline.php(104): Illuminate\\Routing\\Pipeline->Illuminate\\Routing\\{closure}(Object(Illuminate\\Http\\Request))
#46 /home/fran/Documentos/Taller de Producción de Software/Aterrizar/aterrizar/vendor/laravel/framework/src/Illuminate/Routing/Router.php(681): Illuminate\\Pipeline\\Pipeline->then(Object(Closure))
#47 /home/fran/Documentos/Taller de Producción de Software/Aterrizar/aterrizar/vendor/laravel/framework/src/Illuminate/Routing/Router.php(656): Illuminate\\Routing\\Router->runRouteWithinStack(Object(Illuminate\\Routing\\Route), Object(Illuminate\\Http\\Request))
#48 /home/fran/Documentos/Taller de Producción de Software/Aterrizar/aterrizar/vendor/laravel/framework/src/Illuminate/Routing/Router.php(622): Illuminate\\Routing\\Router->runRoute(Object(Illuminate\\Http\\Request), Object(Illuminate\\Routing\\Route))
#49 /home/fran/Documentos/Taller de Producción de Software/Aterrizar/aterrizar/vendor/laravel/framework/src/Illuminate/Routing/Router.php(611): Illuminate\\Routing\\Router->dispatchToRoute(Object(Illuminate\\Http\\Request))
#50 /home/fran/Documentos/Taller de Producción de Software/Aterrizar/aterrizar/vendor/laravel/framework/src/Illuminate/Foundation/Http/Kernel.php(176): Illuminate\\Routing\\Router->dispatch(Object(Illuminate\\Http\\Request))
#51 /home/fran/Documentos/Taller de Producción de Software/Aterrizar/aterrizar/vendor/laravel/framework/src/Illuminate/Routing/Pipeline.php(30): Illuminate\\Foundation\\Http\\Kernel->Illuminate\\Foundation\\Http\\{closure}(Object(Illuminate\\Http\\Request))
#52 /home/fran/Documentos/Taller de Producción de Software/Aterrizar/aterrizar/vendor/fideloper/proxy/src/TrustProxies.php(57): Illuminate\\Routing\\Pipeline->Illuminate\\Routing\\{closure}(Object(Illuminate\\Http\\Request))
#53 /home/fran/Documentos/Taller de Producción de Software/Aterrizar/aterrizar/vendor/laravel/framework/src/Illuminate/Pipeline/Pipeline.php(151): Fideloper\\Proxy\\TrustProxies->handle(Object(Illuminate\\Http\\Request), Object(Closure))
#54 /home/fran/Documentos/Taller de Producción de Software/Aterrizar/aterrizar/vendor/laravel/framework/src/Illuminate/Routing/Pipeline.php(53): Illuminate\\Pipeline\\Pipeline->Illuminate\\Pipeline\\{closure}(Object(Illuminate\\Http\\Request))
#55 /home/fran/Documentos/Taller de Producción de Software/Aterrizar/aterrizar/vendor/laravel/framework/src/Illuminate/Foundation/Http/Middleware/TransformsRequest.php(31): Illuminate\\Routing\\Pipeline->Illuminate\\Routing\\{closure}(Object(Illuminate\\Http\\Request))
#56 /home/fran/Documentos/Taller de Producción de Software/Aterrizar/aterrizar/vendor/laravel/framework/src/Illuminate/Pipeline/Pipeline.php(151): Illuminate\\Foundation\\Http\\Middleware\\TransformsRequest->handle(Object(Illuminate\\Http\\Request), Object(Closure))
#57 /home/fran/Documentos/Taller de Producción de Software/Aterrizar/aterrizar/vendor/laravel/framework/src/Illuminate/Routing/Pipeline.php(53): Illuminate\\Pipeline\\Pipeline->Illuminate\\Pipeline\\{closure}(Object(Illuminate\\Http\\Request))
#58 /home/fran/Documentos/Taller de Producción de Software/Aterrizar/aterrizar/vendor/laravel/framework/src/Illuminate/Foundation/Http/Middleware/TransformsRequest.php(31): Illuminate\\Routing\\Pipeline->Illuminate\\Routing\\{closure}(Object(Illuminate\\Http\\Request))
#59 /home/fran/Documentos/Taller de Producción de Software/Aterrizar/aterrizar/vendor/laravel/framework/src/Illuminate/Pipeline/Pipeline.php(151): Illuminate\\Foundation\\Http\\Middleware\\TransformsRequest->handle(Object(Illuminate\\Http\\Request), Object(Closure))
#60 /home/fran/Documentos/Taller de Producción de Software/Aterrizar/aterrizar/vendor/laravel/framework/src/Illuminate/Routing/Pipeline.php(53): Illuminate\\Pipeline\\Pipeline->Illuminate\\Pipeline\\{closure}(Object(Illuminate\\Http\\Request))
#61 /home/fran/Documentos/Taller de Producción de Software/Aterrizar/aterrizar/vendor/laravel/framework/src/Illuminate/Foundation/Http/Middleware/ValidatePostSize.php(27): Illuminate\\Routing\\Pipeline->Illuminate\\Routing\\{closure}(Object(Illuminate\\Http\\Request))
#62 /home/fran/Documentos/Taller de Producción de Software/Aterrizar/aterrizar/vendor/laravel/framework/src/Illuminate/Pipeline/Pipeline.php(151): Illuminate\\Foundation\\Http\\Middleware\\ValidatePostSize->handle(Object(Illuminate\\Http\\Request), Object(Closure))
#63 /home/fran/Documentos/Taller de Producción de Software/Aterrizar/aterrizar/vendor/laravel/framework/src/Illuminate/Routing/Pipeline.php(53): Illuminate\\Pipeline\\Pipeline->Illuminate\\Pipeline\\{closure}(Object(Illuminate\\Http\\Request))
#64 /home/fran/Documentos/Taller de Producción de Software/Aterrizar/aterrizar/vendor/laravel/framework/src/Illuminate/Foundation/Http/Middleware/CheckForMaintenanceMode.php(62): Illuminate\\Routing\\Pipeline->Illuminate\\Routing\\{closure}(Object(Illuminate\\Http\\Request))
#65 /home/fran/Documentos/Taller de Producción de Software/Aterrizar/aterrizar/vendor/laravel/framework/src/Illuminate/Pipeline/Pipeline.php(151): Illuminate\\Foundation\\Http\\Middleware\\CheckForMaintenanceMode->handle(Object(Illuminate\\Http\\Request), Object(Closure))
#66 /home/fran/Documentos/Taller de Producción de Software/Aterrizar/aterrizar/vendor/laravel/framework/src/Illuminate/Routing/Pipeline.php(53): Illuminate\\Pipeline\\Pipeline->Illuminate\\Pipeline\\{closure}(Object(Illuminate\\Http\\Request))
#67 /home/fran/Documentos/Taller de Producción de Software/Aterrizar/aterrizar/vendor/laravel/framework/src/Illuminate/Pipeline/Pipeline.php(104): Illuminate\\Routing\\Pipeline->Illuminate\\Routing\\{closure}(Object(Illuminate\\Http\\Request))
#68 /home/fran/Documentos/Taller de Producción de Software/Aterrizar/aterrizar/vendor/laravel/framework/src/Illuminate/Foundation/Http/Kernel.php(151): Illuminate\\Pipeline\\Pipeline->then(Object(Closure))
#69 /home/fran/Documentos/Taller de Producción de Software/Aterrizar/aterrizar/vendor/laravel/framework/src/Illuminate/Foundation/Http/Kernel.php(116): Illuminate\\Foundation\\Http\\Kernel->sendRequestThroughRouter(Object(Illuminate\\Http\\Request))
#70 /home/fran/Documentos/Taller de Producción de Software/Aterrizar/aterrizar/public/index.php(55): Illuminate\\Foundation\\Http\\Kernel->handle(Object(Illuminate\\Http\\Request))
#71 /home/fran/Documentos/Taller de Producción de Software/Aterrizar/aterrizar/server.php(21): require_once('/home/fran/Docu...')
#72 {main}
"} 
[2018-09-19 20:52:09] local.ERROR: SQLSTATE[HY000]: General error: 1364 Field 'lastname' doesn't have a default value (SQL: insert into `users` (`name`, `email`, `password`, `updated_at`, `created_at`) values (Franco, ftagliero@gmail.com, $2y$10$A7pASryOzosYbCYVRdgksuVMcb3EDJJcIn3pvOYjnGMZRhNEy9Z16, 2018-09-19 20:52:09, 2018-09-19 20:52:09)) {"exception":"[object] (Illuminate\\Database\\QueryException(code: HY000): SQLSTATE[HY000]: General error: 1364 Field 'lastname' doesn't have a default value (SQL: insert into `users` (`name`, `email`, `password`, `updated_at`, `created_at`) values (Franco, ftagliero@gmail.com, $2y$10$A7pASryOzosYbCYVRdgksuVMcb3EDJJcIn3pvOYjnGMZRhNEy9Z16, 2018-09-19 20:52:09, 2018-09-19 20:52:09)) at /home/fran/Documentos/Taller de Producción de Software/Aterrizar/aterrizar/vendor/laravel/framework/src/Illuminate/Database/Connection.php:664, PDOException(code: HY000): SQLSTATE[HY000]: General error: 1364 Field 'lastname' doesn't have a default value at /home/fran/Documentos/Taller de Producción de Software/Aterrizar/aterrizar/vendor/laravel/framework/src/Illuminate/Database/Connection.php:458)
[stacktrace]
#0 /home/fran/Documentos/Taller de Producción de Software/Aterrizar/aterrizar/vendor/laravel/framework/src/Illuminate/Database/Connection.php(624): Illuminate\\Database\\Connection->runQueryCallback('insert into `us...', Array, Object(Closure))
#1 /home/fran/Documentos/Taller de Producción de Software/Aterrizar/aterrizar/vendor/laravel/framework/src/Illuminate/Database/Connection.php(459): Illuminate\\Database\\Connection->run('insert into `us...', Array, Object(Closure))
#2 /home/fran/Documentos/Taller de Producción de Software/Aterrizar/aterrizar/vendor/laravel/framework/src/Illuminate/Database/Connection.php(411): Illuminate\\Database\\Connection->statement('insert into `us...', Array)
#3 /home/fran/Documentos/Taller de Producción de Software/Aterrizar/aterrizar/vendor/laravel/framework/src/Illuminate/Database/Query/Processors/Processor.php(32): Illuminate\\Database\\Connection->insert('insert into `us...', Array)
#4 /home/fran/Documentos/Taller de Producción de Software/Aterrizar/aterrizar/vendor/laravel/framework/src/Illuminate/Database/Query/Builder.php(2558): Illuminate\\Database\\Query\\Processors\\Processor->processInsertGetId(Object(Illuminate\\Database\\Query\\Builder), 'insert into `us...', Array, 'id')
#5 /home/fran/Documentos/Taller de Producción de Software/Aterrizar/aterrizar/vendor/laravel/framework/src/Illuminate/Database/Eloquent/Builder.php(1318): Illuminate\\Database\\Query\\Builder->insertGetId(Array, 'id')
#6 /home/fran/Documentos/Taller de Producción de Software/Aterrizar/aterrizar/vendor/laravel/framework/src/Illuminate/Database/Eloquent/Model.php(820): Illuminate\\Database\\Eloquent\\Builder->__call('insertGetId', Array)
#7 /home/fran/Documentos/Taller de Producción de Software/Aterrizar/aterrizar/vendor/laravel/framework/src/Illuminate/Database/Eloquent/Model.php(785): Illuminate\\Database\\Eloquent\\Model->insertAndSetId(Object(Illuminate\\Database\\Eloquent\\Builder), Array)
#8 /home/fran/Documentos/Taller de Producción de Software/Aterrizar/aterrizar/vendor/laravel/framework/src/Illuminate/Database/Eloquent/Model.php(648): Illuminate\\Database\\Eloquent\\Model->performInsert(Object(Illuminate\\Database\\Eloquent\\Builder))
#9 /home/fran/Documentos/Taller de Producción de Software/Aterrizar/aterrizar/vendor/laravel/framework/src/Illuminate/Database/Eloquent/Builder.php(790): Illuminate\\Database\\Eloquent\\Model->save()
#10 /home/fran/Documentos/Taller de Producción de Software/Aterrizar/aterrizar/vendor/laravel/framework/src/Illuminate/Support/helpers.php(1023): Illuminate\\Database\\Eloquent\\Builder->Illuminate\\Database\\Eloquent\\{closure}(Object(App\\User))
#11 /home/fran/Documentos/Taller de Producción de Software/Aterrizar/aterrizar/vendor/laravel/framework/src/Illuminate/Database/Eloquent/Builder.php(791): tap(Object(App\\User), Object(Closure))
#12 /home/fran/Documentos/Taller de Producción de Software/Aterrizar/aterrizar/vendor/laravel/framework/src/Illuminate/Support/Traits/ForwardsCalls.php(23): Illuminate\\Database\\Eloquent\\Builder->create(Array)
#13 /home/fran/Documentos/Taller de Producción de Software/Aterrizar/aterrizar/vendor/laravel/framework/src/Illuminate/Database/Eloquent/Model.php(1603): Illuminate\\Database\\Eloquent\\Model->forwardCallTo(Object(Illuminate\\Database\\Eloquent\\Builder), 'create', Array)
#14 /home/fran/Documentos/Taller de Producción de Software/Aterrizar/aterrizar/vendor/laravel/framework/src/Illuminate/Database/Eloquent/Model.php(1615): Illuminate\\Database\\Eloquent\\Model->__call('create', Array)
#15 /home/fran/Documentos/Taller de Producción de Software/Aterrizar/aterrizar/app/Http/Controllers/Auth/RegisterController.php(71): Illuminate\\Database\\Eloquent\\Model::__callStatic('create', Array)
#16 /home/fran/Documentos/Taller de Producción de Software/Aterrizar/aterrizar/vendor/laravel/framework/src/Illuminate/Foundation/Auth/RegistersUsers.php(33): App\\Http\\Controllers\\Auth\\RegisterController->create(Array)
#17 [internal function]: App\\Http\\Controllers\\Auth\\RegisterController->register(Object(Illuminate\\Http\\Request))
#18 /home/fran/Documentos/Taller de Producción de Software/Aterrizar/aterrizar/vendor/laravel/framework/src/Illuminate/Routing/Controller.php(54): call_user_func_array(Array, Array)
#19 /home/fran/Documentos/Taller de Producción de Software/Aterrizar/aterrizar/vendor/laravel/framework/src/Illuminate/Routing/ControllerDispatcher.php(45): Illuminate\\Routing\\Controller->callAction('register', Array)
#20 /home/fran/Documentos/Taller de Producción de Software/Aterrizar/aterrizar/vendor/laravel/framework/src/Illuminate/Routing/Route.php(212): Illuminate\\Routing\\ControllerDispatcher->dispatch(Object(Illuminate\\Routing\\Route), Object(App\\Http\\Controllers\\Auth\\RegisterController), 'register')
#21 /home/fran/Documentos/Taller de Producción de Software/Aterrizar/aterrizar/vendor/laravel/framework/src/Illuminate/Routing/Route.php(169): Illuminate\\Routing\\Route->runController()
#22 /home/fran/Documentos/Taller de Producción de Software/Aterrizar/aterrizar/vendor/laravel/framework/src/Illuminate/Routing/Router.php(679): Illuminate\\Routing\\Route->run()
#23 /home/fran/Documentos/Taller de Producción de Software/Aterrizar/aterrizar/vendor/laravel/framework/src/Illuminate/Routing/Pipeline.php(30): Illuminate\\Routing\\Router->Illuminate\\Routing\\{closure}(Object(Illuminate\\Http\\Request))
#24 /home/fran/Documentos/Taller de Producción de Software/Aterrizar/aterrizar/app/Http/Middleware/RedirectIfAuthenticated.php(24): Illuminate\\Routing\\Pipeline->Illuminate\\Routing\\{closure}(Object(Illuminate\\Http\\Request))
#25 /home/fran/Documentos/Taller de Producción de Software/Aterrizar/aterrizar/vendor/laravel/framework/src/Illuminate/Pipeline/Pipeline.php(151): App\\Http\\Middleware\\RedirectIfAuthenticated->handle(Object(Illuminate\\Http\\Request), Object(Closure))
#26 /home/fran/Documentos/Taller de Producción de Software/Aterrizar/aterrizar/vendor/laravel/framework/src/Illuminate/Routing/Pipeline.php(53): Illuminate\\Pipeline\\Pipeline->Illuminate\\Pipeline\\{closure}(Object(Illuminate\\Http\\Request))
#27 /home/fran/Documentos/Taller de Producción de Software/Aterrizar/aterrizar/vendor/laravel/framework/src/Illuminate/Routing/Middleware/SubstituteBindings.php(41): Illuminate\\Routing\\Pipeline->Illuminate\\Routing\\{closure}(Object(Illuminate\\Http\\Request))
#28 /home/fran/Documentos/Taller de Producción de Software/Aterrizar/aterrizar/vendor/laravel/framework/src/Illuminate/Pipeline/Pipeline.php(151): Illuminate\\Routing\\Middleware\\SubstituteBindings->handle(Object(Illuminate\\Http\\Request), Object(Closure))
#29 /home/fran/Documentos/Taller de Producción de Software/Aterrizar/aterrizar/vendor/laravel/framework/src/Illuminate/Routing/Pipeline.php(53): Illuminate\\Pipeline\\Pipeline->Illuminate\\Pipeline\\{closure}(Object(Illuminate\\Http\\Request))
#30 /home/fran/Documentos/Taller de Producción de Software/Aterrizar/aterrizar/vendor/laravel/framework/src/Illuminate/Foundation/Http/Middleware/VerifyCsrfToken.php(75): Illuminate\\Routing\\Pipeline->Illuminate\\Routing\\{closure}(Object(Illuminate\\Http\\Request))
#31 /home/fran/Documentos/Taller de Producción de Software/Aterrizar/aterrizar/vendor/laravel/framework/src/Illuminate/Pipeline/Pipeline.php(151): Illuminate\\Foundation\\Http\\Middleware\\VerifyCsrfToken->handle(Object(Illuminate\\Http\\Request), Object(Closure))
#32 /home/fran/Documentos/Taller de Producción de Software/Aterrizar/aterrizar/vendor/laravel/framework/src/Illuminate/Routing/Pipeline.php(53): Illuminate\\Pipeline\\Pipeline->Illuminate\\Pipeline\\{closure}(Object(Illuminate\\Http\\Request))
#33 /home/fran/Documentos/Taller de Producción de Software/Aterrizar/aterrizar/vendor/laravel/framework/src/Illuminate/View/Middleware/ShareErrorsFromSession.php(49): Illuminate\\Routing\\Pipeline->Illuminate\\Routing\\{closure}(Object(Illuminate\\Http\\Request))
#34 /home/fran/Documentos/Taller de Producción de Software/Aterrizar/aterrizar/vendor/laravel/framework/src/Illuminate/Pipeline/Pipeline.php(151): Illuminate\\View\\Middleware\\ShareErrorsFromSession->handle(Object(Illuminate\\Http\\Request), Object(Closure))
#35 /home/fran/Documentos/Taller de Producción de Software/Aterrizar/aterrizar/vendor/laravel/framework/src/Illuminate/Routing/Pipeline.php(53): Illuminate\\Pipeline\\Pipeline->Illuminate\\Pipeline\\{closure}(Object(Illuminate\\Http\\Request))
#36 /home/fran/Documentos/Taller de Producción de Software/Aterrizar/aterrizar/vendor/laravel/framework/src/Illuminate/Session/Middleware/StartSession.php(63): Illuminate\\Routing\\Pipeline->Illuminate\\Routing\\{closure}(Object(Illuminate\\Http\\Request))
#37 /home/fran/Documentos/Taller de Producción de Software/Aterrizar/aterrizar/vendor/laravel/framework/src/Illuminate/Pipeline/Pipeline.php(151): Illuminate\\Session\\Middleware\\StartSession->handle(Object(Illuminate\\Http\\Request), Object(Closure))
#38 /home/fran/Documentos/Taller de Producción de Software/Aterrizar/aterrizar/vendor/laravel/framework/src/Illuminate/Routing/Pipeline.php(53): Illuminate\\Pipeline\\Pipeline->Illuminate\\Pipeline\\{closure}(Object(Illuminate\\Http\\Request))
#39 /home/fran/Documentos/Taller de Producción de Software/Aterrizar/aterrizar/vendor/laravel/framework/src/Illuminate/Cookie/Middleware/AddQueuedCookiesToResponse.php(37): Illuminate\\Routing\\Pipeline->Illuminate\\Routing\\{closure}(Object(Illuminate\\Http\\Request))
#40 /home/fran/Documentos/Taller de Producción de Software/Aterrizar/aterrizar/vendor/laravel/framework/src/Illuminate/Pipeline/Pipeline.php(151): Illuminate\\Cookie\\Middleware\\AddQueuedCookiesToResponse->handle(Object(Illuminate\\Http\\Request), Object(Closure))
#41 /home/fran/Documentos/Taller de Producción de Software/Aterrizar/aterrizar/vendor/laravel/framework/src/Illuminate/Routing/Pipeline.php(53): Illuminate\\Pipeline\\Pipeline->Illuminate\\Pipeline\\{closure}(Object(Illuminate\\Http\\Request))
#42 /home/fran/Documentos/Taller de Producción de Software/Aterrizar/aterrizar/vendor/laravel/framework/src/Illuminate/Cookie/Middleware/EncryptCookies.php(66): Illuminate\\Routing\\Pipeline->Illuminate\\Routing\\{closure}(Object(Illuminate\\Http\\Request))
#43 /home/fran/Documentos/Taller de Producción de Software/Aterrizar/aterrizar/vendor/laravel/framework/src/Illuminate/Pipeline/Pipeline.php(151): Illuminate\\Cookie\\Middleware\\EncryptCookies->handle(Object(Illuminate\\Http\\Request), Object(Closure))
#44 /home/fran/Documentos/Taller de Producción de Software/Aterrizar/aterrizar/vendor/laravel/framework/src/Illuminate/Routing/Pipeline.php(53): Illuminate\\Pipeline\\Pipeline->Illuminate\\Pipeline\\{closure}(Object(Illuminate\\Http\\Request))
#45 /home/fran/Documentos/Taller de Producción de Software/Aterrizar/aterrizar/vendor/laravel/framework/src/Illuminate/Pipeline/Pipeline.php(104): Illuminate\\Routing\\Pipeline->Illuminate\\Routing\\{closure}(Object(Illuminate\\Http\\Request))
#46 /home/fran/Documentos/Taller de Producción de Software/Aterrizar/aterrizar/vendor/laravel/framework/src/Illuminate/Routing/Router.php(681): Illuminate\\Pipeline\\Pipeline->then(Object(Closure))
#47 /home/fran/Documentos/Taller de Producción de Software/Aterrizar/aterrizar/vendor/laravel/framework/src/Illuminate/Routing/Router.php(656): Illuminate\\Routing\\Router->runRouteWithinStack(Object(Illuminate\\Routing\\Route), Object(Illuminate\\Http\\Request))
#48 /home/fran/Documentos/Taller de Producción de Software/Aterrizar/aterrizar/vendor/laravel/framework/src/Illuminate/Routing/Router.php(622): Illuminate\\Routing\\Router->runRoute(Object(Illuminate\\Http\\Request), Object(Illuminate\\Routing\\Route))
#49 /home/fran/Documentos/Taller de Producción de Software/Aterrizar/aterrizar/vendor/laravel/framework/src/Illuminate/Routing/Router.php(611): Illuminate\\Routing\\Router->dispatchToRoute(Object(Illuminate\\Http\\Request))
#50 /home/fran/Documentos/Taller de Producción de Software/Aterrizar/aterrizar/vendor/laravel/framework/src/Illuminate/Foundation/Http/Kernel.php(176): Illuminate\\Routing\\Router->dispatch(Object(Illuminate\\Http\\Request))
#51 /home/fran/Documentos/Taller de Producción de Software/Aterrizar/aterrizar/vendor/laravel/framework/src/Illuminate/Routing/Pipeline.php(30): Illuminate\\Foundation\\Http\\Kernel->Illuminate\\Foundation\\Http\\{closure}(Object(Illuminate\\Http\\Request))
#52 /home/fran/Documentos/Taller de Producción de Software/Aterrizar/aterrizar/vendor/fideloper/proxy/src/TrustProxies.php(57): Illuminate\\Routing\\Pipeline->Illuminate\\Routing\\{closure}(Object(Illuminate\\Http\\Request))
#53 /home/fran/Documentos/Taller de Producción de Software/Aterrizar/aterrizar/vendor/laravel/framework/src/Illuminate/Pipeline/Pipeline.php(151): Fideloper\\Proxy\\TrustProxies->handle(Object(Illuminate\\Http\\Request), Object(Closure))
#54 /home/fran/Documentos/Taller de Producción de Software/Aterrizar/aterrizar/vendor/laravel/framework/src/Illuminate/Routing/Pipeline.php(53): Illuminate\\Pipeline\\Pipeline->Illuminate\\Pipeline\\{closure}(Object(Illuminate\\Http\\Request))
#55 /home/fran/Documentos/Taller de Producción de Software/Aterrizar/aterrizar/vendor/laravel/framework/src/Illuminate/Foundation/Http/Middleware/TransformsRequest.php(31): Illuminate\\Routing\\Pipeline->Illuminate\\Routing\\{closure}(Object(Illuminate\\Http\\Request))
#56 /home/fran/Documentos/Taller de Producción de Software/Aterrizar/aterrizar/vendor/laravel/framework/src/Illuminate/Pipeline/Pipeline.php(151): Illuminate\\Foundation\\Http\\Middleware\\TransformsRequest->handle(Object(Illuminate\\Http\\Request), Object(Closure))
#57 /home/fran/Documentos/Taller de Producción de Software/Aterrizar/aterrizar/vendor/laravel/framework/src/Illuminate/Routing/Pipeline.php(53): Illuminate\\Pipeline\\Pipeline->Illuminate\\Pipeline\\{closure}(Object(Illuminate\\Http\\Request))
#58 /home/fran/Documentos/Taller de Producción de Software/Aterrizar/aterrizar/vendor/laravel/framework/src/Illuminate/Foundation/Http/Middleware/TransformsRequest.php(31): Illuminate\\Routing\\Pipeline->Illuminate\\Routing\\{closure}(Object(Illuminate\\Http\\Request))
#59 /home/fran/Documentos/Taller de Producción de Software/Aterrizar/aterrizar/vendor/laravel/framework/src/Illuminate/Pipeline/Pipeline.php(151): Illuminate\\Foundation\\Http\\Middleware\\TransformsRequest->handle(Object(Illuminate\\Http\\Request), Object(Closure))
#60 /home/fran/Documentos/Taller de Producción de Software/Aterrizar/aterrizar/vendor/laravel/framework/src/Illuminate/Routing/Pipeline.php(53): Illuminate\\Pipeline\\Pipeline->Illuminate\\Pipeline\\{closure}(Object(Illuminate\\Http\\Request))
#61 /home/fran/Documentos/Taller de Producción de Software/Aterrizar/aterrizar/vendor/laravel/framework/src/Illuminate/Foundation/Http/Middleware/ValidatePostSize.php(27): Illuminate\\Routing\\Pipeline->Illuminate\\Routing\\{closure}(Object(Illuminate\\Http\\Request))
#62 /home/fran/Documentos/Taller de Producción de Software/Aterrizar/aterrizar/vendor/laravel/framework/src/Illuminate/Pipeline/Pipeline.php(151): Illuminate\\Foundation\\Http\\Middleware\\ValidatePostSize->handle(Object(Illuminate\\Http\\Request), Object(Closure))
#63 /home/fran/Documentos/Taller de Producción de Software/Aterrizar/aterrizar/vendor/laravel/framework/src/Illuminate/Routing/Pipeline.php(53): Illuminate\\Pipeline\\Pipeline->Illuminate\\Pipeline\\{closure}(Object(Illuminate\\Http\\Request))
#64 /home/fran/Documentos/Taller de Producción de Software/Aterrizar/aterrizar/vendor/laravel/framework/src/Illuminate/Foundation/Http/Middleware/CheckForMaintenanceMode.php(62): Illuminate\\Routing\\Pipeline->Illuminate\\Routing\\{closure}(Object(Illuminate\\Http\\Request))
#65 /home/fran/Documentos/Taller de Producción de Software/Aterrizar/aterrizar/vendor/laravel/framework/src/Illuminate/Pipeline/Pipeline.php(151): Illuminate\\Foundation\\Http\\Middleware\\CheckForMaintenanceMode->handle(Object(Illuminate\\Http\\Request), Object(Closure))
#66 /home/fran/Documentos/Taller de Producción de Software/Aterrizar/aterrizar/vendor/laravel/framework/src/Illuminate/Routing/Pipeline.php(53): Illuminate\\Pipeline\\Pipeline->Illuminate\\Pipeline\\{closure}(Object(Illuminate\\Http\\Request))
#67 /home/fran/Documentos/Taller de Producción de Software/Aterrizar/aterrizar/vendor/laravel/framework/src/Illuminate/Pipeline/Pipeline.php(104): Illuminate\\Routing\\Pipeline->Illuminate\\Routing\\{closure}(Object(Illuminate\\Http\\Request))
#68 /home/fran/Documentos/Taller de Producción de Software/Aterrizar/aterrizar/vendor/laravel/framework/src/Illuminate/Foundation/Http/Kernel.php(151): Illuminate\\Pipeline\\Pipeline->then(Object(Closure))
#69 /home/fran/Documentos/Taller de Producción de Software/Aterrizar/aterrizar/vendor/laravel/framework/src/Illuminate/Foundation/Http/Kernel.php(116): Illuminate\\Foundation\\Http\\Kernel->sendRequestThroughRouter(Object(Illuminate\\Http\\Request))
#70 /home/fran/Documentos/Taller de Producción de Software/Aterrizar/aterrizar/public/index.php(55): Illuminate\\Foundation\\Http\\Kernel->handle(Object(Illuminate\\Http\\Request))
#71 /home/fran/Documentos/Taller de Producción de Software/Aterrizar/aterrizar/server.php(21): require_once('/home/fran/Docu...')
#72 {main}
"} 
[2018-10-15 11:00:07] local.ERROR: The "-o" option does not exist. {"exception":"[object] (Symfony\\Component\\Console\\Exception\\RuntimeException(code: 0): The \"-o\" option does not exist. at /home/fran/Documentos/Taller de Producción de Software/Aterrizar/aterrizar/vendor/symfony/console/Input/ArgvInput.php:200)
[stacktrace]
#0 /home/fran/Documentos/Taller de Producción de Software/Aterrizar/aterrizar/vendor/symfony/console/Input/ArgvInput.php(108): Symfony\\Component\\Console\\Input\\ArgvInput->addShortOption('o', NULL)
#1 /home/fran/Documentos/Taller de Producción de Software/Aterrizar/aterrizar/vendor/symfony/console/Input/ArgvInput.php(84): Symfony\\Component\\Console\\Input\\ArgvInput->parseShortOption('-o')
#2 /home/fran/Documentos/Taller de Producción de Software/Aterrizar/aterrizar/vendor/symfony/console/Input/Input.php(55): Symfony\\Component\\Console\\Input\\ArgvInput->parse()
#3 /home/fran/Documentos/Taller de Producción de Software/Aterrizar/aterrizar/vendor/symfony/console/Command/Command.php(210): Symfony\\Component\\Console\\Input\\Input->bind(Object(Symfony\\Component\\Console\\Input\\InputDefinition))
#4 /home/fran/Documentos/Taller de Producción de Software/Aterrizar/aterrizar/vendor/laravel/framework/src/Illuminate/Console/Command.php(170): Symfony\\Component\\Console\\Command\\Command->run(Object(Symfony\\Component\\Console\\Input\\ArgvInput), Object(Illuminate\\Console\\OutputStyle))
#5 /home/fran/Documentos/Taller de Producción de Software/Aterrizar/aterrizar/vendor/symfony/console/Application.php(886): Illuminate\\Console\\Command->run(Object(Symfony\\Component\\Console\\Input\\ArgvInput), Object(Symfony\\Component\\Console\\Output\\ConsoleOutput))
#6 /home/fran/Documentos/Taller de Producción de Software/Aterrizar/aterrizar/vendor/symfony/console/Application.php(262): Symfony\\Component\\Console\\Application->doRunCommand(Object(Illuminate\\Foundation\\Console\\ServeCommand), Object(Symfony\\Component\\Console\\Input\\ArgvInput), Object(Symfony\\Component\\Console\\Output\\ConsoleOutput))
#7 /home/fran/Documentos/Taller de Producción de Software/Aterrizar/aterrizar/vendor/symfony/console/Application.php(145): Symfony\\Component\\Console\\Application->doRun(Object(Symfony\\Component\\Console\\Input\\ArgvInput), Object(Symfony\\Component\\Console\\Output\\ConsoleOutput))
#8 /home/fran/Documentos/Taller de Producción de Software/Aterrizar/aterrizar/vendor/laravel/framework/src/Illuminate/Console/Application.php(89): Symfony\\Component\\Console\\Application->run(Object(Symfony\\Component\\Console\\Input\\ArgvInput), Object(Symfony\\Component\\Console\\Output\\ConsoleOutput))
#9 /home/fran/Documentos/Taller de Producción de Software/Aterrizar/aterrizar/vendor/laravel/framework/src/Illuminate/Foundation/Console/Kernel.php(122): Illuminate\\Console\\Application->run(Object(Symfony\\Component\\Console\\Input\\ArgvInput), Object(Symfony\\Component\\Console\\Output\\ConsoleOutput))
#10 /home/fran/Documentos/Taller de Producción de Software/Aterrizar/aterrizar/artisan(37): Illuminate\\Foundation\\Console\\Kernel->handle(Object(Symfony\\Component\\Console\\Input\\ArgvInput), Object(Symfony\\Component\\Console\\Output\\ConsoleOutput))
#11 {main}
"} 
[2018-10-15 11:00:10] local.ERROR: The "--o" option does not exist. {"exception":"[object] (Symfony\\Component\\Console\\Exception\\RuntimeException(code: 0): The \"--o\" option does not exist. at /home/fran/Documentos/Taller de Producción de Software/Aterrizar/aterrizar/vendor/symfony/console/Input/ArgvInput.php:217)
[stacktrace]
#0 /home/fran/Documentos/Taller de Producción de Software/Aterrizar/aterrizar/vendor/symfony/console/Input/ArgvInput.php(153): Symfony\\Component\\Console\\Input\\ArgvInput->addLongOption('o', NULL)
#1 /home/fran/Documentos/Taller de Producción de Software/Aterrizar/aterrizar/vendor/symfony/console/Input/ArgvInput.php(82): Symfony\\Component\\Console\\Input\\ArgvInput->parseLongOption('--o')
#2 /home/fran/Documentos/Taller de Producción de Software/Aterrizar/aterrizar/vendor/symfony/console/Input/Input.php(55): Symfony\\Component\\Console\\Input\\ArgvInput->parse()
#3 /home/fran/Documentos/Taller de Producción de Software/Aterrizar/aterrizar/vendor/symfony/console/Command/Command.php(210): Symfony\\Component\\Console\\Input\\Input->bind(Object(Symfony\\Component\\Console\\Input\\InputDefinition))
#4 /home/fran/Documentos/Taller de Producción de Software/Aterrizar/aterrizar/vendor/laravel/framework/src/Illuminate/Console/Command.php(170): Symfony\\Component\\Console\\Command\\Command->run(Object(Symfony\\Component\\Console\\Input\\ArgvInput), Object(Illuminate\\Console\\OutputStyle))
#5 /home/fran/Documentos/Taller de Producción de Software/Aterrizar/aterrizar/vendor/symfony/console/Application.php(886): Illuminate\\Console\\Command->run(Object(Symfony\\Component\\Console\\Input\\ArgvInput), Object(Symfony\\Component\\Console\\Output\\ConsoleOutput))
#6 /home/fran/Documentos/Taller de Producción de Software/Aterrizar/aterrizar/vendor/symfony/console/Application.php(262): Symfony\\Component\\Console\\Application->doRunCommand(Object(Illuminate\\Foundation\\Console\\ServeCommand), Object(Symfony\\Component\\Console\\Input\\ArgvInput), Object(Symfony\\Component\\Console\\Output\\ConsoleOutput))
#7 /home/fran/Documentos/Taller de Producción de Software/Aterrizar/aterrizar/vendor/symfony/console/Application.php(145): Symfony\\Component\\Console\\Application->doRun(Object(Symfony\\Component\\Console\\Input\\ArgvInput), Object(Symfony\\Component\\Console\\Output\\ConsoleOutput))
#8 /home/fran/Documentos/Taller de Producción de Software/Aterrizar/aterrizar/vendor/laravel/framework/src/Illuminate/Console/Application.php(89): Symfony\\Component\\Console\\Application->run(Object(Symfony\\Component\\Console\\Input\\ArgvInput), Object(Symfony\\Component\\Console\\Output\\ConsoleOutput))
#9 /home/fran/Documentos/Taller de Producción de Software/Aterrizar/aterrizar/vendor/laravel/framework/src/Illuminate/Foundation/Console/Kernel.php(122): Illuminate\\Console\\Application->run(Object(Symfony\\Component\\Console\\Input\\ArgvInput), Object(Symfony\\Component\\Console\\Output\\ConsoleOutput))
#10 /home/fran/Documentos/Taller de Producción de Software/Aterrizar/aterrizar/artisan(37): Illuminate\\Foundation\\Console\\Kernel->handle(Object(Symfony\\Component\\Console\\Input\\ArgvInput), Object(Symfony\\Component\\Console\\Output\\ConsoleOutput))
#11 {main}
"} 
[2018-10-15 11:00:12] local.ERROR: The "--open" option does not exist. {"exception":"[object] (Symfony\\Component\\Console\\Exception\\RuntimeException(code: 0): The \"--open\" option does not exist. at /home/fran/Documentos/Taller de Producción de Software/Aterrizar/aterrizar/vendor/symfony/console/Input/ArgvInput.php:217)
[stacktrace]
#0 /home/fran/Documentos/Taller de Producción de Software/Aterrizar/aterrizar/vendor/symfony/console/Input/ArgvInput.php(153): Symfony\\Component\\Console\\Input\\ArgvInput->addLongOption('open', NULL)
#1 /home/fran/Documentos/Taller de Producción de Software/Aterrizar/aterrizar/vendor/symfony/console/Input/ArgvInput.php(82): Symfony\\Component\\Console\\Input\\ArgvInput->parseLongOption('--open')
#2 /home/fran/Documentos/Taller de Producción de Software/Aterrizar/aterrizar/vendor/symfony/console/Input/Input.php(55): Symfony\\Component\\Console\\Input\\ArgvInput->parse()
#3 /home/fran/Documentos/Taller de Producción de Software/Aterrizar/aterrizar/vendor/symfony/console/Command/Command.php(210): Symfony\\Component\\Console\\Input\\Input->bind(Object(Symfony\\Component\\Console\\Input\\InputDefinition))
#4 /home/fran/Documentos/Taller de Producción de Software/Aterrizar/aterrizar/vendor/laravel/framework/src/Illuminate/Console/Command.php(170): Symfony\\Component\\Console\\Command\\Command->run(Object(Symfony\\Component\\Console\\Input\\ArgvInput), Object(Illuminate\\Console\\OutputStyle))
#5 /home/fran/Documentos/Taller de Producción de Software/Aterrizar/aterrizar/vendor/symfony/console/Application.php(886): Illuminate\\Console\\Command->run(Object(Symfony\\Component\\Console\\Input\\ArgvInput), Object(Symfony\\Component\\Console\\Output\\ConsoleOutput))
#6 /home/fran/Documentos/Taller de Producción de Software/Aterrizar/aterrizar/vendor/symfony/console/Application.php(262): Symfony\\Component\\Console\\Application->doRunCommand(Object(Illuminate\\Foundation\\Console\\ServeCommand), Object(Symfony\\Component\\Console\\Input\\ArgvInput), Object(Symfony\\Component\\Console\\Output\\ConsoleOutput))
#7 /home/fran/Documentos/Taller de Producción de Software/Aterrizar/aterrizar/vendor/symfony/console/Application.php(145): Symfony\\Component\\Console\\Application->doRun(Object(Symfony\\Component\\Console\\Input\\ArgvInput), Object(Symfony\\Component\\Console\\Output\\ConsoleOutput))
#8 /home/fran/Documentos/Taller de Producción de Software/Aterrizar/aterrizar/vendor/laravel/framework/src/Illuminate/Console/Application.php(89): Symfony\\Component\\Console\\Application->run(Object(Symfony\\Component\\Console\\Input\\ArgvInput), Object(Symfony\\Component\\Console\\Output\\ConsoleOutput))
#9 /home/fran/Documentos/Taller de Producción de Software/Aterrizar/aterrizar/vendor/laravel/framework/src/Illuminate/Foundation/Console/Kernel.php(122): Illuminate\\Console\\Application->run(Object(Symfony\\Component\\Console\\Input\\ArgvInput), Object(Symfony\\Component\\Console\\Output\\ConsoleOutput))
#10 /home/fran/Documentos/Taller de Producción de Software/Aterrizar/aterrizar/artisan(37): Illuminate\\Foundation\\Console\\Kernel->handle(Object(Symfony\\Component\\Console\\Input\\ArgvInput), Object(Symfony\\Component\\Console\\Output\\ConsoleOutput))
#11 {main}
"} 
